{"meta": {"format": 3, "version": "7.7.0", "timestamp": "2025-03-18T22:47:52.368634", "branch_coverage": false, "show_contexts": false}, "files": {"src/darca_file_utils/__init__.py": {"executed_lines": [0], "summary": {"covered_lines": 0, "num_statements": 0, "percent_covered": 100.0, "percent_covered_display": "100", "missing_lines": 0, "excluded_lines": 0}, "missing_lines": [], "excluded_lines": [], "functions": {"": {"executed_lines": [], "summary": {"covered_lines": 0, "num_statements": 0, "percent_covered": 100.0, "percent_covered_display": "100", "missing_lines": 0, "excluded_lines": 0}, "missing_lines": [], "excluded_lines": []}}, "classes": {"": {"executed_lines": [], "summary": {"covered_lines": 0, "num_statements": 0, "percent_covered": 100.0, "percent_covered_display": "100", "missing_lines": 0, "excluded_lines": 0}, "missing_lines": [], "excluded_lines": []}}}, "src/darca_file_utils/directory_utils.py": {"executed_lines": [1, 10, 11, 13], "summary": {"covered_lines": 3, "num_statements": 96, "percent_covered": 3.125, "percent_covered_display": "3", "missing_lines": 93, "excluded_lines": 0}, "missing_lines": [16, 17, 18, 32, 33, 34, 36, 37, 52, 53, 54, 55, 56, 57, 58, 59, 60, 61, 63, 64, 86, 87, 88, 89, 90, 91, 92, 93, 95, 96, 97, 98, 99, 100, 101, 105, 106, 107, 108, 110, 111, 126, 127, 128, 129, 130, 131, 132, 133, 134, 135, 137, 138, 155, 156, 157, 158, 159, 160, 161, 162, 163, 164, 165, 166, 169, 171, 172, 188, 189, 190, 191, 192, 193, 194, 195, 196, 197, 199, 200, 221, 222, 223, 224, 225, 226, 227, 228, 229, 230, 231, 232, 235], "excluded_lines": [], "functions": {"DirectoryUtils.directory_exist": {"executed_lines": [], "summary": {"covered_lines": 0, "num_statements": 3, "percent_covered": 0.0, "percent_covered_display": "0", "missing_lines": 3, "excluded_lines": 0}, "missing_lines": [32, 33, 34], "excluded_lines": []}, "DirectoryUtils.create_directory": {"executed_lines": [], "summary": {"covered_lines": 0, "num_statements": 10, "percent_covered": 0.0, "percent_covered_display": "0", "missing_lines": 10, "excluded_lines": 0}, "missing_lines": [52, 53, 54, 55, 56, 57, 58, 59, 60, 61], "excluded_lines": []}, "DirectoryUtils.list_directory": {"executed_lines": [], "summary": {"covered_lines": 0, "num_statements": 19, "percent_covered": 0.0, "percent_covered_display": "0", "missing_lines": 19, "excluded_lines": 0}, "missing_lines": [86, 87, 88, 89, 90, 91, 92, 93, 95, 96, 97, 98, 99, 100, 101, 105, 106, 107, 108], "excluded_lines": []}, "DirectoryUtils.remove_directory": {"executed_lines": [], "summary": {"covered_lines": 0, "num_statements": 10, "percent_covered": 0.0, "percent_covered_display": "0", "missing_lines": 10, "excluded_lines": 0}, "missing_lines": [126, 127, 128, 129, 130, 131, 132, 133, 134, 135], "excluded_lines": []}, "DirectoryUtils.rename_directory": {"executed_lines": [], "summary": {"covered_lines": 0, "num_statements": 13, "percent_covered": 0.0, "percent_covered_display": "0", "missing_lines": 13, "excluded_lines": 0}, "missing_lines": [155, 156, 157, 158, 159, 160, 161, 162, 163, 164, 165, 166, 169], "excluded_lines": []}, "DirectoryUtils.move_directory": {"executed_lines": [], "summary": {"covered_lines": 0, "num_statements": 10, "percent_covered": 0.0, "percent_covered_display": "0", "missing_lines": 10, "excluded_lines": 0}, "missing_lines": [188, 189, 190, 191, 192, 193, 194, 195, 196, 197], "excluded_lines": []}, "DirectoryUtils.copy_directory": {"executed_lines": [], "summary": {"covered_lines": 0, "num_statements": 13, "percent_covered": 0.0, "percent_covered_display": "0", "missing_lines": 13, "excluded_lines": 0}, "missing_lines": [221, 222, 223, 224, 225, 226, 227, 228, 229, 230, 231, 232, 235], "excluded_lines": []}, "": {"executed_lines": [1, 10, 11, 13], "summary": {"covered_lines": 3, "num_statements": 18, "percent_covered": 16.666666666666668, "percent_covered_display": "17", "missing_lines": 15, "excluded_lines": 0}, "missing_lines": [16, 17, 18, 36, 37, 63, 64, 110, 111, 137, 138, 171, 172, 199, 200], "excluded_lines": []}}, "classes": {"DirectoryUtils": {"executed_lines": [], "summary": {"covered_lines": 0, "num_statements": 78, "percent_covered": 0.0, "percent_covered_display": "0", "missing_lines": 78, "excluded_lines": 0}, "missing_lines": [32, 33, 34, 52, 53, 54, 55, 56, 57, 58, 59, 60, 61, 86, 87, 88, 89, 90, 91, 92, 93, 95, 96, 97, 98, 99, 100, 101, 105, 106, 107, 108, 126, 127, 128, 129, 130, 131, 132, 133, 134, 135, 155, 156, 157, 158, 159, 160, 161, 162, 163, 164, 165, 166, 169, 188, 189, 190, 191, 192, 193, 194, 195, 196, 197, 221, 222, 223, 224, 225, 226, 227, 228, 229, 230, 231, 232, 235], "excluded_lines": []}, "": {"executed_lines": [1, 10, 11, 13], "summary": {"covered_lines": 3, "num_statements": 18, "percent_covered": 16.666666666666668, "percent_covered_display": "17", "missing_lines": 15, "excluded_lines": 0}, "missing_lines": [16, 17, 18, 36, 37, 63, 64, 110, 111, 137, 138, 171, 172, 199, 200], "excluded_lines": []}}}, "src/darca_file_utils/file_utils.py": {"executed_lines": [1, 10, 11, 13], "summary": {"covered_lines": 3, "num_statements": 91, "percent_covered": 3.2967032967032965, "percent_covered_display": "3", "missing_lines": 88, "excluded_lines": 0}, "missing_lines": [14, 17, 18, 19, 33, 34, 35, 37, 38, 58, 59, 60, 63, 64, 65, 66, 67, 68, 69, 70, 71, 73, 74, 95, 96, 97, 98, 99, 100, 101, 102, 103, 104, 105, 107, 108, 122, 123, 124, 125, 126, 127, 128, 129, 130, 131, 133, 134, 150, 151, 152, 153, 154, 155, 156, 157, 158, 159, 160, 161, 162, 164, 165, 180, 181, 182, 183, 184, 185, 186, 187, 188, 189, 191, 192, 207, 208, 209, 210, 211, 212, 213, 214, 215, 216, 217, 218, 219], "excluded_lines": [], "functions": {"FileUtils.file_exist": {"executed_lines": [], "summary": {"covered_lines": 0, "num_statements": 3, "percent_covered": 0.0, "percent_covered_display": "0", "missing_lines": 3, "excluded_lines": 0}, "missing_lines": [33, 34, 35], "excluded_lines": []}, "FileUtils.write_file": {"executed_lines": [], "summary": {"covered_lines": 0, "num_statements": 12, "percent_covered": 0.0, "percent_covered_display": "0", "missing_lines": 12, "excluded_lines": 0}, "missing_lines": [58, 59, 60, 63, 64, 65, 66, 67, 68, 69, 70, 71], "excluded_lines": []}, "FileUtils.read_file": {"executed_lines": [], "summary": {"covered_lines": 0, "num_statements": 11, "percent_covered": 0.0, "percent_covered_display": "0", "missing_lines": 11, "excluded_lines": 0}, "missing_lines": [95, 96, 97, 98, 99, 100, 101, 102, 103, 104, 105], "excluded_lines": []}, "FileUtils.remove_file": {"executed_lines": [], "summary": {"covered_lines": 0, "num_statements": 10, "percent_covered": 0.0, "percent_covered_display": "0", "missing_lines": 10, "excluded_lines": 0}, "missing_lines": [122, 123, 124, 125, 126, 127, 128, 129, 130, 131], "excluded_lines": []}, "FileUtils.rename_file": {"executed_lines": [], "summary": {"covered_lines": 0, "num_statements": 13, "percent_covered": 0.0, "percent_covered_display": "0", "missing_lines": 13, "excluded_lines": 0}, "missing_lines": [150, 151, 152, 153, 154, 155, 156, 157, 158, 159, 160, 161, 162], "excluded_lines": []}, "FileUtils.move_file": {"executed_lines": [], "summary": {"covered_lines": 0, "num_statements": 10, "percent_covered": 0.0, "percent_covered_display": "0", "missing_lines": 10, "excluded_lines": 0}, "missing_lines": [180, 181, 182, 183, 184, 185, 186, 187, 188, 189], "excluded_lines": []}, "FileUtils.copy_file": {"executed_lines": [], "summary": {"covered_lines": 0, "num_statements": 13, "percent_covered": 0.0, "percent_covered_display": "0", "missing_lines": 13, "excluded_lines": 0}, "missing_lines": [207, 208, 209, 210, 211, 212, 213, 214, 215, 216, 217, 218, 219], "excluded_lines": []}, "": {"executed_lines": [1, 10, 11, 13], "summary": {"covered_lines": 3, "num_statements": 19, "percent_covered": 15.789473684210526, "percent_covered_display": "16", "missing_lines": 16, "excluded_lines": 0}, "missing_lines": [14, 17, 18, 19, 37, 38, 73, 74, 107, 108, 133, 134, 164, 165, 191, 192], "excluded_lines": []}}, "classes": {"FileUtils": {"executed_lines": [], "summary": {"covered_lines": 0, "num_statements": 72, "percent_covered": 0.0, "percent_covered_display": "0", "missing_lines": 72, "excluded_lines": 0}, "missing_lines": [33, 34, 35, 58, 59, 60, 63, 64, 65, 66, 67, 68, 69, 70, 71, 95, 96, 97, 98, 99, 100, 101, 102, 103, 104, 105, 122, 123, 124, 125, 126, 127, 128, 129, 130, 131, 150, 151, 152, 153, 154, 155, 156, 157, 158, 159, 160, 161, 162, 180, 181, 182, 183, 184, 185, 186, 187, 188, 189, 207, 208, 209, 210, 211, 212, 213, 214, 215, 216, 217, 218, 219], "excluded_lines": []}, "": {"executed_lines": [1, 10, 11, 13], "summary": {"covered_lines": 3, "num_statements": 19, "percent_covered": 15.789473684210526, "percent_covered_display": "16", "missing_lines": 16, "excluded_lines": 0}, "missing_lines": [14, 17, 18, 19, 37, 38, 73, 74, 107, 108, 133, 134, 164, 165, 191, 192], "excluded_lines": []}}}, "src/darca_file_utils/yaml_utils.py": {"executed_lines": [1, 9, 10], "summary": {"covered_lines": 2, "num_statements": 30, "percent_covered": 6.666666666666667, "percent_covered_display": "7", "missing_lines": 28, "excluded_lines": 0}, "missing_lines": [11, 14, 15, 16, 36, 37, 38, 41, 42, 43, 44, 45, 46, 47, 48, 50, 51, 74, 75, 76, 79, 80, 83, 85, 86, 89, 91, 92], "excluded_lines": [], "functions": {"YamlUtils.load_yaml_file": {"executed_lines": [], "summary": {"covered_lines": 0, "num_statements": 11, "percent_covered": 0.0, "percent_covered_display": "0", "missing_lines": 11, "excluded_lines": 0}, "missing_lines": [36, 37, 38, 41, 42, 43, 44, 45, 46, 47, 48], "excluded_lines": []}, "YamlUtils.write_yaml_file": {"executed_lines": [], "summary": {"covered_lines": 0, "num_statements": 11, "percent_covered": 0.0, "percent_covered_display": "0", "missing_lines": 11, "excluded_lines": 0}, "missing_lines": [74, 75, 76, 79, 80, 83, 85, 86, 89, 91, 92], "excluded_lines": []}, "": {"executed_lines": [1, 9, 10], "summary": {"covered_lines": 2, "num_statements": 8, "percent_covered": 25.0, "percent_covered_display": "25", "missing_lines": 6, "excluded_lines": 0}, "missing_lines": [11, 14, 15, 16, 50, 51], "excluded_lines": []}}, "classes": {"YamlUtils": {"executed_lines": [], "summary": {"covered_lines": 0, "num_statements": 22, "percent_covered": 0.0, "percent_covered_display": "0", "missing_lines": 22, "excluded_lines": 0}, "missing_lines": [36, 37, 38, 41, 42, 43, 44, 45, 46, 47, 48, 74, 75, 76, 79, 80, 83, 85, 86, 89, 91, 92], "excluded_lines": []}, "": {"executed_lines": [1, 9, 10], "summary": {"covered_lines": 2, "num_statements": 8, "percent_covered": 25.0, "percent_covered_display": "25", "missing_lines": 6, "excluded_lines": 0}, "missing_lines": [11, 14, 15, 16, 50, 51], "excluded_lines": []}}}}, "totals": {"covered_lines": 8, "num_statements": 217, "percent_covered": 3.686635944700461, "percent_covered_display": "4", "missing_lines": 209, "excluded_lines": 0}}