{"meta": {"format": 3, "version": "7.7.0", "timestamp": "2025-03-19T20:44:37.710119", "branch_coverage": false, "show_contexts": false}, "files": {"src/darca_file_utils/__init__.py": {"executed_lines": [0], "summary": {"covered_lines": 0, "num_statements": 0, "percent_covered": 100.0, "percent_covered_display": "100", "missing_lines": 0, "excluded_lines": 0}, "missing_lines": [], "excluded_lines": [], "functions": {"": {"executed_lines": [], "summary": {"covered_lines": 0, "num_statements": 0, "percent_covered": 100.0, "percent_covered_display": "100", "missing_lines": 0, "excluded_lines": 0}, "missing_lines": [], "excluded_lines": []}}, "classes": {"": {"executed_lines": [], "summary": {"covered_lines": 0, "num_statements": 0, "percent_covered": 100.0, "percent_covered_display": "100", "missing_lines": 0, "excluded_lines": 0}, "missing_lines": [], "excluded_lines": []}}}, "src/darca_file_utils/directory_utils.py": {"executed_lines": [1, 10, 11, 13, 16, 19, 20, 21, 31, 32, 33, 35, 36, 47, 50, 51, 52, 53, 58, 59, 76, 80, 81, 82, 83, 84, 86, 87, 88, 89, 90, 91, 92, 96, 102, 103, 114, 117, 118, 119, 120, 125, 126, 138, 141, 144, 145, 146, 147, 154, 155, 167, 170, 171, 172, 173, 180, 181, 197, 200, 203, 204, 205, 206], "summary": {"covered_lines": 63, "num_statements": 97, "percent_covered": 64.94845360824742, "percent_covered_display": "65", "missing_lines": 34, "excluded_lines": 0}, "missing_lines": [48, 49, 54, 55, 56, 77, 78, 98, 99, 100, 115, 116, 121, 122, 123, 139, 140, 142, 143, 148, 149, 152, 168, 169, 174, 175, 178, 198, 199, 201, 202, 207, 208, 211], "excluded_lines": [], "functions": {"DirectoryUtils.directory_exist": {"executed_lines": [31, 32, 33], "summary": {"covered_lines": 3, "num_statements": 3, "percent_covered": 100.0, "percent_covered_display": "100", "missing_lines": 0, "excluded_lines": 0}, "missing_lines": [], "excluded_lines": []}, "DirectoryUtils.create_directory": {"executed_lines": [47, 50, 51, 52, 53], "summary": {"covered_lines": 5, "num_statements": 10, "percent_covered": 50.0, "percent_covered_display": "50", "missing_lines": 5, "excluded_lines": 0}, "missing_lines": [48, 49, 54, 55, 56], "excluded_lines": []}, "DirectoryUtils.list_directory": {"executed_lines": [76, 80, 81, 82, 83, 84, 86, 87, 88, 89, 90, 91, 92, 96], "summary": {"covered_lines": 14, "num_statements": 19, "percent_covered": 73.6842105263158, "percent_covered_display": "74", "missing_lines": 5, "excluded_lines": 0}, "missing_lines": [77, 78, 98, 99, 100], "excluded_lines": []}, "DirectoryUtils.remove_directory": {"executed_lines": [114, 117, 118, 119, 120], "summary": {"covered_lines": 5, "num_statements": 10, "percent_covered": 50.0, "percent_covered_display": "50", "missing_lines": 5, "excluded_lines": 0}, "missing_lines": [115, 116, 121, 122, 123], "excluded_lines": []}, "DirectoryUtils.rename_directory": {"executed_lines": [138, 141, 144, 145, 146, 147], "summary": {"covered_lines": 6, "num_statements": 13, "percent_covered": 46.15384615384615, "percent_covered_display": "46", "missing_lines": 7, "excluded_lines": 0}, "missing_lines": [139, 140, 142, 143, 148, 149, 152], "excluded_lines": []}, "DirectoryUtils.move_directory": {"executed_lines": [167, 170, 171, 172, 173], "summary": {"covered_lines": 5, "num_statements": 10, "percent_covered": 50.0, "percent_covered_display": "50", "missing_lines": 5, "excluded_lines": 0}, "missing_lines": [168, 169, 174, 175, 178], "excluded_lines": []}, "DirectoryUtils.copy_directory": {"executed_lines": [197, 200, 203, 204, 205, 206], "summary": {"covered_lines": 6, "num_statements": 13, "percent_covered": 46.15384615384615, "percent_covered_display": "46", "missing_lines": 7, "excluded_lines": 0}, "missing_lines": [198, 199, 201, 202, 207, 208, 211], "excluded_lines": []}, "": {"executed_lines": [1, 10, 11, 13, 16, 19, 20, 21, 35, 36, 58, 59, 102, 103, 125, 126, 154, 155, 180, 181], "summary": {"covered_lines": 19, "num_statements": 19, "percent_covered": 100.0, "percent_covered_display": "100", "missing_lines": 0, "excluded_lines": 0}, "missing_lines": [], "excluded_lines": []}}, "classes": {"DirectoryUtils": {"executed_lines": [31, 32, 33, 47, 50, 51, 52, 53, 76, 80, 81, 82, 83, 84, 86, 87, 88, 89, 90, 91, 92, 96, 114, 117, 118, 119, 120, 138, 141, 144, 145, 146, 147, 167, 170, 171, 172, 173, 197, 200, 203, 204, 205, 206], "summary": {"covered_lines": 44, "num_statements": 78, "percent_covered": 56.41025641025641, "percent_covered_display": "56", "missing_lines": 34, "excluded_lines": 0}, "missing_lines": [48, 49, 54, 55, 56, 77, 78, 98, 99, 100, 115, 116, 121, 122, 123, 139, 140, 142, 143, 148, 149, 152, 168, 169, 174, 175, 178, 198, 199, 201, 202, 207, 208, 211], "excluded_lines": []}, "": {"executed_lines": [1, 10, 11, 13, 16, 19, 20, 21, 35, 36, 58, 59, 102, 103, 125, 126, 154, 155, 180, 181], "summary": {"covered_lines": 19, "num_statements": 19, "percent_covered": 100.0, "percent_covered_display": "100", "missing_lines": 0, "excluded_lines": 0}, "missing_lines": [], "excluded_lines": []}}}, "src/darca_file_utils/file_utils.py": {"executed_lines": [1, 10, 11, 13, 15, 20, 23, 24, 25, 35, 36, 37, 39, 40, 55, 56, 63, 64, 65, 66, 67, 72, 73, 88, 89, 90, 92, 93, 94, 95, 96, 101, 102, 112, 116, 117, 118, 119, 124, 125, 136, 139, 143, 144, 145, 146, 151, 152, 163, 167, 168, 169, 170, 175, 176, 187, 190, 194, 195, 196, 197], "summary": {"covered_lines": 60, "num_statements": 92, "percent_covered": 65.21739130434783, "percent_covered_display": "65", "missing_lines": 32, "excluded_lines": 0}, "missing_lines": [57, 61, 68, 69, 70, 97, 98, 99, 113, 114, 120, 121, 122, 137, 138, 140, 141, 147, 148, 149, 164, 165, 171, 172, 173, 188, 189, 191, 192, 198, 199, 200], "excluded_lines": [], "functions": {"FileUtils.file_exist": {"executed_lines": [35, 36, 37], "summary": {"covered_lines": 3, "num_statements": 3, "percent_covered": 100.0, "percent_covered_display": "100", "missing_lines": 0, "excluded_lines": 0}, "missing_lines": [], "excluded_lines": []}, "FileUtils.write_file": {"executed_lines": [55, 56, 63, 64, 65, 66, 67], "summary": {"covered_lines": 7, "num_statements": 12, "percent_covered": 58.333333333333336, "percent_covered_display": "58", "missing_lines": 5, "excluded_lines": 0}, "missing_lines": [57, 61, 68, 69, 70], "excluded_lines": []}, "FileUtils.read_file": {"executed_lines": [88, 89, 90, 92, 93, 94, 95, 96], "summary": {"covered_lines": 8, "num_statements": 11, "percent_covered": 72.72727272727273, "percent_covered_display": "73", "missing_lines": 3, "excluded_lines": 0}, "missing_lines": [97, 98, 99], "excluded_lines": []}, "FileUtils.remove_file": {"executed_lines": [112, 116, 117, 118, 119], "summary": {"covered_lines": 5, "num_statements": 10, "percent_covered": 50.0, "percent_covered_display": "50", "missing_lines": 5, "excluded_lines": 0}, "missing_lines": [113, 114, 120, 121, 122], "excluded_lines": []}, "FileUtils.rename_file": {"executed_lines": [136, 139, 143, 144, 145, 146], "summary": {"covered_lines": 6, "num_statements": 13, "percent_covered": 46.15384615384615, "percent_covered_display": "46", "missing_lines": 7, "excluded_lines": 0}, "missing_lines": [137, 138, 140, 141, 147, 148, 149], "excluded_lines": []}, "FileUtils.move_file": {"executed_lines": [163, 167, 168, 169, 170], "summary": {"covered_lines": 5, "num_statements": 10, "percent_covered": 50.0, "percent_covered_display": "50", "missing_lines": 5, "excluded_lines": 0}, "missing_lines": [164, 165, 171, 172, 173], "excluded_lines": []}, "FileUtils.copy_file": {"executed_lines": [187, 190, 194, 195, 196, 197], "summary": {"covered_lines": 6, "num_statements": 13, "percent_covered": 46.15384615384615, "percent_covered_display": "46", "missing_lines": 7, "excluded_lines": 0}, "missing_lines": [188, 189, 191, 192, 198, 199, 200], "excluded_lines": []}, "": {"executed_lines": [1, 10, 11, 13, 15, 20, 23, 24, 25, 39, 40, 72, 73, 101, 102, 124, 125, 151, 152, 175, 176], "summary": {"covered_lines": 20, "num_statements": 20, "percent_covered": 100.0, "percent_covered_display": "100", "missing_lines": 0, "excluded_lines": 0}, "missing_lines": [], "excluded_lines": []}}, "classes": {"FileUtils": {"executed_lines": [35, 36, 37, 55, 56, 63, 64, 65, 66, 67, 88, 89, 90, 92, 93, 94, 95, 96, 112, 116, 117, 118, 119, 136, 139, 143, 144, 145, 146, 163, 167, 168, 169, 170, 187, 190, 194, 195, 196, 197], "summary": {"covered_lines": 40, "num_statements": 72, "percent_covered": 55.55555555555556, "percent_covered_display": "56", "missing_lines": 32, "excluded_lines": 0}, "missing_lines": [57, 61, 68, 69, 70, 97, 98, 99, 113, 114, 120, 121, 122, 137, 138, 140, 141, 147, 148, 149, 164, 165, 171, 172, 173, 188, 189, 191, 192, 198, 199, 200], "excluded_lines": []}, "": {"executed_lines": [1, 10, 11, 13, 15, 20, 23, 24, 25, 39, 40, 72, 73, 101, 102, 124, 125, 151, 152, 175, 176], "summary": {"covered_lines": 20, "num_statements": 20, "percent_covered": 100.0, "percent_covered_display": "100", "missing_lines": 0, "excluded_lines": 0}, "missing_lines": [], "excluded_lines": []}}}, "src/darca_file_utils/yaml_utils.py": {"executed_lines": [1, 9, 10, 12, 17, 20, 21, 22, 37, 38, 39, 40, 42, 43, 44, 46, 49, 54, 55, 72, 73, 74, 81, 82, 85], "summary": {"covered_lines": 24, "num_statements": 33, "percent_covered": 72.72727272727273, "percent_covered_display": "73", "missing_lines": 9, "excluded_lines": 0}, "missing_lines": [45, 50, 51, 52, 75, 76, 79, 87, 88], "excluded_lines": [], "functions": {"YamlUtils.load_yaml_file": {"executed_lines": [37, 38, 39, 40, 42, 43, 44, 46, 49], "summary": {"covered_lines": 9, "num_statements": 13, "percent_covered": 69.23076923076923, "percent_covered_display": "69", "missing_lines": 4, "excluded_lines": 0}, "missing_lines": [45, 50, 51, 52], "excluded_lines": []}, "YamlUtils.write_yaml_file": {"executed_lines": [72, 73, 74, 81, 82, 85], "summary": {"covered_lines": 6, "num_statements": 11, "percent_covered": 54.54545454545455, "percent_covered_display": "55", "missing_lines": 5, "excluded_lines": 0}, "missing_lines": [75, 76, 79, 87, 88], "excluded_lines": []}, "": {"executed_lines": [1, 9, 10, 12, 17, 20, 21, 22, 54, 55], "summary": {"covered_lines": 9, "num_statements": 9, "percent_covered": 100.0, "percent_covered_display": "100", "missing_lines": 0, "excluded_lines": 0}, "missing_lines": [], "excluded_lines": []}}, "classes": {"YamlUtils": {"executed_lines": [37, 38, 39, 40, 42, 43, 44, 46, 49, 72, 73, 74, 81, 82, 85], "summary": {"covered_lines": 15, "num_statements": 24, "percent_covered": 62.5, "percent_covered_display": "62", "missing_lines": 9, "excluded_lines": 0}, "missing_lines": [45, 50, 51, 52, 75, 76, 79, 87, 88], "excluded_lines": []}, "": {"executed_lines": [1, 9, 10, 12, 17, 20, 21, 22, 54, 55], "summary": {"covered_lines": 9, "num_statements": 9, "percent_covered": 100.0, "percent_covered_display": "100", "missing_lines": 0, "excluded_lines": 0}, "missing_lines": [], "excluded_lines": []}}}}, "totals": {"covered_lines": 147, "num_statements": 222, "percent_covered": 66.21621621621621, "percent_covered_display": "66", "missing_lines": 75, "excluded_lines": 0}}